<?xml version="1.0" encoding="UTF-8"?>
<junit>
  <testsuites>
     <testsuite>
        <directory>.</directory>
     </testsuite>
  </testsuites>
</junit>